Change Component Comment : Designator=P13 Old Comment=POWER New Comment=µçÔ´¶Ë¿Ú
Removed Pin From Net: NetName=NetR42_2 Pin=U14-1
Added Pin To Net: NetName=NetR50_1 Pin=U14-1
Removed Pin From Net: NetName=GATE-A Pin=U14-2
Added Pin To Net: NetName=GATE-B Pin=U14-2
Removed Pin From Net: NetName=NetR43_2 Pin=U14-3
Added Pin To Net: NetName=NetR49_1 Pin=U14-3
Removed Pin From Net: NetName=GATE-A Pin=U14-4
Added Pin To Net: NetName=GATE-B Pin=U14-4
Removed Pin From Net: NetName=NetR49_1 Pin=U14-5
Added Pin To Net: NetName=NetR43_2 Pin=U14-5
Removed Pin From Net: NetName=GATE-B Pin=U14-6
Added Pin To Net: NetName=GATE-A Pin=U14-6
Removed Pin From Net: NetName=NetR50_1 Pin=U14-7
Added Pin To Net: NetName=NetR42_2 Pin=U14-7
Removed Pin From Net: NetName=GATE-B Pin=U14-8
Added Pin To Net: NetName=GATE-A Pin=U14-8
Removed Pin From Net: NetName=NetQ7_1 Pin=U14-10
Added Pin To Net: NetName=NetQ5_1 Pin=U14-10
Removed Pin From Net: NetName=NetQ6_1 Pin=U14-12
Added Pin To Net: NetName=NetQ4_1 Pin=U14-12
Removed Pin From Net: NetName=NetQ4_1 Pin=U14-14
Added Pin To Net: NetName=NetQ6_1 Pin=U14-14
Removed Pin From Net: NetName=NetQ5_1 Pin=U14-16
Added Pin To Net: NetName=NetQ7_1 Pin=U14-16
Removed Pin From Net: NetName=NetR51_2 Pin=U15-1
Added Pin To Net: NetName=NetR59_1 Pin=U15-1
Removed Pin From Net: NetName=DOU-A Pin=U15-2
Added Pin To Net: NetName=DOU-B Pin=U15-2
Removed Pin From Net: NetName=NetR52_1 Pin=U15-3
Added Pin To Net: NetName=NetR58_2 Pin=U15-3
Removed Pin From Net: NetName=DOU-A Pin=U15-4
Added Pin To Net: NetName=DOU-B Pin=U15-4
Removed Pin From Net: NetName=NetR58_2 Pin=U15-5
Added Pin To Net: NetName=NetR52_1 Pin=U15-5
Removed Pin From Net: NetName=DOU-B Pin=U15-6
Added Pin To Net: NetName=DOU-A Pin=U15-6
Removed Pin From Net: NetName=NetR59_1 Pin=U15-7
Added Pin To Net: NetName=NetR51_2 Pin=U15-7
Removed Pin From Net: NetName=DOU-B Pin=U15-8
Added Pin To Net: NetName=DOU-A Pin=U15-8
Removed Pin From Net: NetName=NetQ11_1 Pin=U15-10
Added Pin To Net: NetName=NetQ9_1 Pin=U15-10
Removed Pin From Net: NetName=NetQ10_1 Pin=U15-12
Added Pin To Net: NetName=NetQ8_1 Pin=U15-12
Removed Pin From Net: NetName=NetQ8_1 Pin=U15-14
Added Pin To Net: NetName=NetQ10_1 Pin=U15-14
Removed Pin From Net: NetName=NetQ9_1 Pin=U15-16
Added Pin To Net: NetName=NetQ11_1 Pin=U15-16
