Change Component Comment : Designator=P1 Old Comment=PIN16_3.96 New Comment=½ÓËÅ·þÇý¶¯Æ÷X4
Removed Pin From Net: NetName=+24V Pin=P1-1
Added Pin To Net: NetName=TOPSENSOR Pin=P1-1
Removed Pin From Net: NetName=+24V Pin=P1-2
Added Pin To Net: NetName=RESETSENSOR Pin=P1-2
Removed Pin From Net: NetName=SRV-ON Pin=P1-4
Added Pin To Net: NetName=+24V Pin=P1-4
Removed Pin From Net: NetName=A-CLR Pin=P1-5
Added Pin To Net: NetName=+24V Pin=P1-5
Removed Pin From Net: NetName=PULS2 Pin=P1-6
Added Pin To Net: NetName=SRV-ON Pin=P1-6
Removed Pin From Net: NetName=SIGN2 Pin=P1-7
Added Pin To Net: NetName=A-CLR Pin=P1-7
Removed Pin From Net: NetName=OA+ Pin=P1-8
Added Pin To Net: NetName=PULS2 Pin=P1-8
Removed Pin From Net: NetName=OA- Pin=P1-9
Added Pin To Net: NetName=SIGN2 Pin=P1-9
Removed Pin From Net: NetName=ALM+ Pin=P1-10
Added Pin To Net: NetName=OA+ Pin=P1-10
Removed Pin From Net: NetName=BRKOFF+ Pin=P1-11
Added Pin To Net: NetName=OA- Pin=P1-11
Removed Pin From Net: NetName=TOPSENSOR Pin=P1-15
Added Pin To Net: NetName=24V0 Pin=P1-15
Removed Pin From Net: NetName=RESETSENSOR Pin=P1-16
Added Pin To Net: NetName=24V0 Pin=P1-16
Removed Pin From Net: NetName=24V0 Pin=P1-12
Added Pin To Net: NetName=ALM+ Pin=P1-12
Removed Pin From Net: NetName=24V0 Pin=P1-13
Added Pin To Net: NetName=BRKOFF+ Pin=P1-13
