Removed Pin From Net: NetName=+24V Pin=K1-3
Removed Pin From Net: NetName=+24V Pin=P2-3
Removed Pin From Net: NetName=24V0 Pin=P3-2
Removed Pin From Net: NetName=24V0 Pin=P6-2
Change Component Footprint: Designator=P13 Old Footprint=VH3.96  2PIN New Footprint=VH3.96  4PIN
Change Component Footprint: Designator=P2 Old Footprint=VH3.96  4PIN New Footprint=VH3.96  6PIN
Change Component Comment : Designator=P1 Old Comment=PIN14_3.96 New Comment=PIN16_3.96
Change Component Comment : Designator=P13 Old Comment=POWER New Comment=电源端口
Change Component Comment : Designator=P6 Old Comment=接安全传感器 New Comment=接安全继电器
Added Component: Designator=R82(0805)
Added Component: Designator=R83(0805)
Added Pin To Net: NetName=+24V Pin=R82-1
Added Pin To Net: NetName=24V0 Pin=R83-1
Added Pin To Net: NetName=DC24V0 Pin=P3-2
Added Pin To Net: NetName=DC24V0 Pin=R83-2
Added Net: Name=DC24V0
Added Pin To Net: NetName=DC24V Pin=K1-3
Added Pin To Net: NetName=DC24V Pin=R82-2
Added Net: Name=DC24V
Added Pin To Net: NetName=SF2+ Pin=P2-3
Added Pin To Net: NetName=SF2+ Pin=P6-2
Added Net: Name=SF2+
Added Member To Class: ClassName=Drug Delivery CON_V113 Member=Component R82 Res2
Added Member To Class: ClassName=Drug Delivery CON_V113 Member=Component R83 Res2
Removed Pin From Net: NetName=EDM- Pin=P2-4
Added Pin To Net: NetName=24V0 Pin=P2-4
