Removed Pin From Net: NetName=TMS/SWDIO Pin=K1-3
Added Pin To Net: NetName=+24V Pin=K1-3
Removed Pin From Net: NetName=TCK/SWCLK Pin=P3-2
Added Pin To Net: NetName=24V0 Pin=P3-2
Removed Pin From Net: NetName=NetBUTTON1_1 Pin=R4-1
Added Pin To Net: NetName=+3.3V Pin=R4-1
Removed Pin From Net: NetName=+3.3V Pin=R4-2
Added Pin To Net: NetName=NetLED13_1 Pin=R4-2
Removed Pin From Net: NetName=NetLED13_2 Pin=R5-1
Added Pin To Net: NetName=+3.3V Pin=R5-1
Removed Pin From Net: NetName=+3.3V Pin=R5-2
Added Pin To Net: NetName=NetBUTTON1_1 Pin=R5-2
Removed Pin From Net: NetName=NetR67_2 Pin=R61-1
Added Pin To Net: NetName=+24V Pin=R61-1
Removed Pin From Net: NetName=GATESENSOR-OPEN Pin=R61-2
Added Pin To Net: NetName=NetR61_2 Pin=R61-2
Removed Pin From Net: NetName=NetR70_2 Pin=R64-1
Added Pin To Net: NetName=+24V Pin=R64-1
Removed Pin From Net: NetName=GATESENSOR-CLOSE Pin=R64-2
Added Pin To Net: NetName=NetR64_2 Pin=R64-2
Removed Pin From Net: NetName=NetR79_2 Pin=R67-1
Added Pin To Net: NetName=+24V Pin=R67-1
Removed Pin From Net: NetName=DOUSENSOR-OPEN Pin=R67-2
Added Pin To Net: NetName=NetR67_2 Pin=R67-2
Removed Pin From Net: NetName=NetU5_4 Pin=R70-1
Added Pin To Net: NetName=+24V Pin=R70-1
Removed Pin From Net: NetName=DOUSENSOR-CLOSE Pin=R70-2
Added Pin To Net: NetName=NetR70_2 Pin=R70-2
Removed Pin From Net: NetName=OPPOSITESENSOR Pin=R79-2
Added Pin To Net: NetName=NetR79_2 Pin=R79-2
Removed Pin From Net: NetName=NetR64_2 Pin=U4-46
Added Pin To Net: NetName=TMS/SWDIO Pin=U4-46
Removed Pin From Net: NetName=NetLED13_1 Pin=U4-49
Added Pin To Net: NetName=TCK/SWCLK Pin=U4-49
Removed Pin From Net: NetName=ALM Pin=U5-4
Added Pin To Net: NetName=NetU5_4 Pin=U5-4
Removed Pin From Net: NetName=NetR79_2 Pin=U16-1
Added Pin To Net: NetName=NetR67_2 Pin=U16-1
Removed Pin From Net: NetName=NetU5_4 Pin=U16-3
Added Pin To Net: NetName=NetR70_2 Pin=U16-3
Removed Pin From Net: NetName=NetR67_2 Pin=U17-1
Added Pin To Net: NetName=NetR64_2 Pin=U17-1
Removed Pin From Net: NetName=NetR70_2 Pin=U17-3
Added Pin To Net: NetName=NetR61_2 Pin=U17-3
